<?xml version="1.0" encoding="UTF-8"?>
<!-- Generated by org.testng.reporters.JUnitReportReporter -->
<testsuite skipped="0" hostname="Hemangi-Lenovo" name="pkg.Marathi_Shaadi" tests="1" failures="0" timestamp="27 Oct 2020 10:35:40 GMT" time="29.171" errors="0">
  <testcase name="shaadi_marathi" time="29.171" classname="pkg.Marathi_Shaadi"/>
</testsuite> <!-- pkg.Marathi_Shaadi -->
